<?xml version="1.0" encoding="UTF-8"?>
<!-- Generated by org.testng.reporters.JUnitReportReporter -->
<testsuite hostname="Juan-Fonseca-MacBook-Pro" failures="0" tests="1" name="com.browserstack.SimpleTest" time="11.156" errors="0" timestamp="2024-09-12T08:59:06 CST" skipped="0">
  <testcase classname="com.browserstack.SimpleTest" name="test" time="11.156"/>
  <system-out/>
</testsuite> <!-- com.browserstack.SimpleTest -->
