<?xml version="1.0" encoding="UTF-8"?>
<!-- Generated by org.testng.reporters.JUnitReportReporter -->
<testsuite hostname="Juan-Fonseca-MacBook-Pro" failures="0" tests="1" name="selfhealinglocators.SimpleTest" time="5.646" errors="0" timestamp="2024-09-12T09:00:15 CST" skipped="0">
  <testcase classname="selfhealinglocators.SimpleTest" name="test" time="5.646"/>
  <system-out/>
</testsuite> <!-- selfhealinglocators.SimpleTest -->
