<?xml version="1.0" encoding="UTF-8"?>
<testsuite xmlns:xsi="http://www.w3.org/2001/XMLSchema-instance" xsi:noNamespaceSchemaLocation="https://maven.apache.org/surefire/maven-surefire-plugin/xsd/surefire-test-report.xsd" name="TestSuite" time="3.251" tests="24" errors="0" skipped="23" failures="1">
  <properties>
    <property name="java.specification.version" value="23"/>
    <property name="sun.jnu.encoding" value="UTF-8"/>
    <property name="java.class.path" value="/Users/juan.fonseca/Repositories/SelfHealingLocatorsDemo/java-testng-selenium/target/test-classes:/Users/juan.fonseca/Repositories/SelfHealingLocatorsDemo/java-testng-selenium/target/classes:/Users/juan.fonseca/.m2/repository/org/seleniumhq/selenium/selenium-remote-driver/4.25.0/selenium-remote-driver-4.25.0.jar:/Users/juan.fonseca/.m2/repository/com/google/auto/service/auto-service-annotations/1.1.1/auto-service-annotations-1.1.1.jar:/Users/juan.fonseca/.m2/repository/com/google/guava/guava/33.3.0-jre/guava-33.3.0-jre.jar:/Users/juan.fonseca/.m2/repository/com/google/guava/failureaccess/1.0.2/failureaccess-1.0.2.jar:/Users/juan.fonseca/.m2/repository/com/google/guava/listenablefuture/9999.0-empty-to-avoid-conflict-with-guava/listenablefuture-9999.0-empty-to-avoid-conflict-with-guava.jar:/Users/juan.fonseca/.m2/repository/com/google/code/findbugs/jsr305/3.0.2/jsr305-3.0.2.jar:/Users/juan.fonseca/.m2/repository/org/checkerframework/checker-qual/3.43.0/checker-qual-3.43.0.jar:/Users/juan.fonseca/.m2/repository/com/google/errorprone/error_prone_annotations/2.28.0/error_prone_annotations-2.28.0.jar:/Users/juan.fonseca/.m2/repository/com/google/j2objc/j2objc-annotations/3.0.0/j2objc-annotations-3.0.0.jar:/Users/juan.fonseca/.m2/repository/io/opentelemetry/semconv/opentelemetry-semconv/1.25.0-alpha/opentelemetry-semconv-1.25.0-alpha.jar:/Users/juan.fonseca/.m2/repository/io/opentelemetry/opentelemetry-api/1.42.1/opentelemetry-api-1.42.1.jar:/Users/juan.fonseca/.m2/repository/io/opentelemetry/opentelemetry-context/1.42.1/opentelemetry-context-1.42.1.jar:/Users/juan.fonseca/.m2/repository/io/opentelemetry/opentelemetry-exporter-logging/1.42.1/opentelemetry-exporter-logging-1.42.1.jar:/Users/juan.fonseca/.m2/repository/io/opentelemetry/opentelemetry-sdk-common/1.42.1/opentelemetry-sdk-common-1.42.1.jar:/Users/juan.fonseca/.m2/repository/io/opentelemetry/opentelemetry-sdk-extension-autoconfigure-spi/1.42.1/opentelemetry-sdk-extension-autoconfigure-spi-1.42.1.jar:/Users/juan.fonseca/.m2/repository/io/opentelemetry/opentelemetry-sdk-extension-autoconfigure/1.42.1/opentelemetry-sdk-extension-autoconfigure-1.42.1.jar:/Users/juan.fonseca/.m2/repository/io/opentelemetry/opentelemetry-api-incubator/1.42.1-alpha/opentelemetry-api-incubator-1.42.1-alpha.jar:/Users/juan.fonseca/.m2/repository/io/opentelemetry/opentelemetry-sdk-trace/1.42.1/opentelemetry-sdk-trace-1.42.1.jar:/Users/juan.fonseca/.m2/repository/io/opentelemetry/opentelemetry-sdk/1.42.1/opentelemetry-sdk-1.42.1.jar:/Users/juan.fonseca/.m2/repository/io/opentelemetry/opentelemetry-sdk-metrics/1.42.1/opentelemetry-sdk-metrics-1.42.1.jar:/Users/juan.fonseca/.m2/repository/io/opentelemetry/opentelemetry-sdk-logs/1.42.1/opentelemetry-sdk-logs-1.42.1.jar:/Users/juan.fonseca/.m2/repository/net/bytebuddy/byte-buddy/1.15.1/byte-buddy-1.15.1.jar:/Users/juan.fonseca/.m2/repository/org/seleniumhq/selenium/selenium-api/4.25.0/selenium-api-4.25.0.jar:/Users/juan.fonseca/.m2/repository/org/jspecify/jspecify/1.0.0/jspecify-1.0.0.jar:/Users/juan.fonseca/.m2/repository/org/seleniumhq/selenium/selenium-http/4.25.0/selenium-http-4.25.0.jar:/Users/juan.fonseca/.m2/repository/dev/failsafe/failsafe/3.3.2/failsafe-3.3.2.jar:/Users/juan.fonseca/.m2/repository/org/seleniumhq/selenium/selenium-json/4.25.0/selenium-json-4.25.0.jar:/Users/juan.fonseca/.m2/repository/org/seleniumhq/selenium/selenium-manager/4.25.0/selenium-manager-4.25.0.jar:/Users/juan.fonseca/.m2/repository/org/seleniumhq/selenium/selenium-os/4.25.0/selenium-os-4.25.0.jar:/Users/juan.fonseca/.m2/repository/org/apache/commons/commons-exec/1.4.0/commons-exec-1.4.0.jar:/Users/juan.fonseca/.m2/repository/org/seleniumhq/selenium/selenium-java/4.25.0/selenium-java-4.25.0.jar:/Users/juan.fonseca/.m2/repository/org/seleniumhq/selenium/selenium-chrome-driver/4.25.0/selenium-chrome-driver-4.25.0.jar:/Users/juan.fonseca/.m2/repository/org/seleniumhq/selenium/selenium-chromium-driver/4.25.0/selenium-chromium-driver-4.25.0.jar:/Users/juan.fonseca/.m2/repository/org/seleniumhq/selenium/selenium-devtools-v127/4.25.0/selenium-devtools-v127-4.25.0.jar:/Users/juan.fonseca/.m2/repository/org/seleniumhq/selenium/selenium-devtools-v128/4.25.0/selenium-devtools-v128-4.25.0.jar:/Users/juan.fonseca/.m2/repository/org/seleniumhq/selenium/selenium-devtools-v129/4.25.0/selenium-devtools-v129-4.25.0.jar:/Users/juan.fonseca/.m2/repository/org/seleniumhq/selenium/selenium-devtools-v85/4.25.0/selenium-devtools-v85-4.25.0.jar:/Users/juan.fonseca/.m2/repository/org/seleniumhq/selenium/selenium-edge-driver/4.25.0/selenium-edge-driver-4.25.0.jar:/Users/juan.fonseca/.m2/repository/org/seleniumhq/selenium/selenium-firefox-driver/4.25.0/selenium-firefox-driver-4.25.0.jar:/Users/juan.fonseca/.m2/repository/org/seleniumhq/selenium/selenium-ie-driver/4.25.0/selenium-ie-driver-4.25.0.jar:/Users/juan.fonseca/.m2/repository/org/seleniumhq/selenium/selenium-safari-driver/4.25.0/selenium-safari-driver-4.25.0.jar:/Users/juan.fonseca/.m2/repository/org/seleniumhq/selenium/selenium-support/4.25.0/selenium-support-4.25.0.jar:/Users/juan.fonseca/Repositories/SelfHealingLocatorsDemo/java-testng-selenium/src/test/resources/self-healing-selenium-4-0.1.1-20230125.221122-2.jar:/Users/juan.fonseca/.m2/repository/com/google/inject/guice/4.2.0/guice-4.2.0.jar:/Users/juan.fonseca/.m2/repository/javax/inject/javax.inject/1/javax.inject-1.jar:/Users/juan.fonseca/.m2/repository/aopalliance/aopalliance/1.0/aopalliance-1.0.jar:/Users/juan.fonseca/.m2/repository/com/epam/healenium/healenium-web/3.5.3/healenium-web-3.5.3.jar:/Users/juan.fonseca/.m2/repository/org/apache/maven/maven-artifact/3.9.7/maven-artifact-3.9.7.jar:/Users/juan.fonseca/.m2/repository/org/codehaus/plexus/plexus-utils/3.5.1/plexus-utils-3.5.1.jar:/Users/juan.fonseca/.m2/repository/org/apache/maven/maven-plugin-api/3.9.7/maven-plugin-api-3.9.7.jar:/Users/juan.fonseca/.m2/repository/org/apache/maven/maven-model/3.9.7/maven-model-3.9.7.jar:/Users/juan.fonseca/.m2/repository/org/eclipse/sisu/org.eclipse.sisu.plexus/0.9.0.M2/org.eclipse.sisu.plexus-0.9.0.M2.jar:/Users/juan.fonseca/.m2/repository/javax/annotation/javax.annotation-api/1.2/javax.annotation-api-1.2.jar:/Users/juan.fonseca/.m2/repository/org/eclipse/sisu/org.eclipse.sisu.inject/0.9.0.M2/org.eclipse.sisu.inject-0.9.0.M2.jar:/Users/juan.fonseca/.m2/repository/org/codehaus/plexus/plexus-component-annotations/2.1.0/plexus-component-annotations-2.1.0.jar:/Users/juan.fonseca/.m2/repository/org/codehaus/plexus/plexus-classworlds/2.8.0/plexus-classworlds-2.8.0.jar:/Users/juan.fonseca/.m2/repository/com/typesafe/config/1.4.2/config-1.4.2.jar:/Users/juan.fonseca/.m2/repository/com/epam/healenium/tree-comparing/0.4.14/tree-comparing-0.4.14.jar:/Users/juan.fonseca/.m2/repository/org/jsoup/jsoup/1.17.2/jsoup-1.17.2.jar:/Users/juan.fonseca/.m2/repository/org/apache/commons/commons-text/1.10.0/commons-text-1.10.0.jar:/Users/juan.fonseca/.m2/repository/com/fasterxml/jackson/core/jackson-databind/2.15.2/jackson-databind-2.15.2.jar:/Users/juan.fonseca/.m2/repository/com/fasterxml/jackson/core/jackson-annotations/2.15.2/jackson-annotations-2.15.2.jar:/Users/juan.fonseca/.m2/repository/com/fasterxml/jackson/core/jackson-core/2.15.2/jackson-core-2.15.2.jar:/Users/juan.fonseca/.m2/repository/org/apache/commons/commons-lang3/3.12.0/commons-lang3-3.12.0.jar:/Users/juan.fonseca/.m2/repository/commons-codec/commons-codec/1.15/commons-codec-1.15.jar:/Users/juan.fonseca/.m2/repository/org/jetbrains/annotations/23.0.0/annotations-23.0.0.jar:/Users/juan.fonseca/.m2/repository/org/mapstruct/mapstruct/1.4.2.Final/mapstruct-1.4.2.Final.jar:/Users/juan.fonseca/.m2/repository/org/projectlombok/lombok/1.18.22/lombok-1.18.22.jar:/Users/juan.fonseca/.m2/repository/org/slf4j/slf4j-simple/2.0.9/slf4j-simple-2.0.9.jar:/Users/juan.fonseca/.m2/repository/one/util/streamex/0.8.1/streamex-0.8.1.jar:/Users/juan.fonseca/.m2/repository/org/eclipse/jetty/jetty-server/11.0.21/jetty-server-11.0.21.jar:/Users/juan.fonseca/.m2/repository/org/eclipse/jetty/jetty-http/11.0.21/jetty-http-11.0.21.jar:/Users/juan.fonseca/.m2/repository/org/eclipse/jetty/jetty-util/11.0.21/jetty-util-11.0.21.jar:/Users/juan.fonseca/.m2/repository/org/eclipse/jetty/jetty-io/11.0.21/jetty-io-11.0.21.jar:/Users/juan.fonseca/.m2/repository/org/eclipse/jetty/toolchain/jetty-jakarta-servlet-api/5.0.2/jetty-jakarta-servlet-api-5.0.2.jar:/Users/juan.fonseca/.m2/repository/org/hamcrest/hamcrest-core/2.2/hamcrest-core-2.2.jar:/Users/juan.fonseca/.m2/repository/org/hamcrest/hamcrest/2.2/hamcrest-2.2.jar:/Users/juan.fonseca/.m2/repository/com/codeborne/selenide/7.0.0/selenide-7.0.0.jar:/Users/juan.fonseca/.m2/repository/com/codeborne/selenide-core/7.0.0/selenide-core-7.0.0.jar:/Users/juan.fonseca/.m2/repository/commons-io/commons-io/2.14.0/commons-io-2.14.0.jar:/Users/juan.fonseca/.m2/repository/org/testcontainers/junit-jupiter/1.19.8/junit-jupiter-1.19.8.jar:/Users/juan.fonseca/.m2/repository/org/testcontainers/testcontainers/1.19.8/testcontainers-1.19.8.jar:/Users/juan.fonseca/.m2/repository/junit/junit/4.13.2/junit-4.13.2.jar:/Users/juan.fonseca/.m2/repository/org/rnorth/duct-tape/duct-tape/1.0.8/duct-tape-1.0.8.jar:/Users/juan.fonseca/.m2/repository/com/github/docker-java/docker-java-api/3.3.6/docker-java-api-3.3.6.jar:/Users/juan.fonseca/.m2/repository/com/github/docker-java/docker-java-transport-zerodep/3.3.6/docker-java-transport-zerodep-3.3.6.jar:/Users/juan.fonseca/.m2/repository/org/junit/jupiter/junit-jupiter-engine/5.8.2/junit-jupiter-engine-5.8.2.jar:/Users/juan.fonseca/.m2/repository/org/junit/platform/junit-platform-engine/1.8.2/junit-platform-engine-1.8.2.jar:/Users/juan.fonseca/.m2/repository/org/apiguardian/apiguardian-api/1.1.2/apiguardian-api-1.1.2.jar:/Users/juan.fonseca/.m2/repository/org/junit/jupiter/junit-jupiter-api/5.8.2/junit-jupiter-api-5.8.2.jar:/Users/juan.fonseca/.m2/repository/org/opentest4j/opentest4j/1.2.0/opentest4j-1.2.0.jar:/Users/juan.fonseca/.m2/repository/org/junit/platform/junit-platform-commons/1.8.2/junit-platform-commons-1.8.2.jar:/Users/juan.fonseca/.m2/repository/org/mapstruct/mapstruct-processor/1.4.2.Final/mapstruct-processor-1.4.2.Final.jar:/Users/juan.fonseca/.m2/repository/org/testng/testng/7.10.2/testng-7.10.2.jar:/Users/juan.fonseca/.m2/repository/org/slf4j/slf4j-api/1.7.36/slf4j-api-1.7.36.jar:/Users/juan.fonseca/.m2/repository/com/beust/jcommander/1.82/jcommander-1.82.jar:/Users/juan.fonseca/.m2/repository/org/webjars/jquery/3.7.1/jquery-3.7.1.jar:/Users/juan.fonseca/.m2/repository/io/github/bonigarcia/webdrivermanager/5.9.2/webdrivermanager-5.9.2.jar:/Users/juan.fonseca/.m2/repository/com/google/code/gson/gson/2.11.0/gson-2.11.0.jar:/Users/juan.fonseca/.m2/repository/com/github/docker-java/docker-java/3.4.0/docker-java-3.4.0.jar:/Users/juan.fonseca/.m2/repository/com/github/docker-java/docker-java-core/3.4.0/docker-java-core-3.4.0.jar:/Users/juan.fonseca/.m2/repository/org/slf4j/jcl-over-slf4j/1.7.30/jcl-over-slf4j-1.7.30.jar:/Users/juan.fonseca/.m2/repository/com/github/docker-java/docker-java-transport-httpclient5/3.4.0/docker-java-transport-httpclient5-3.4.0.jar:/Users/juan.fonseca/.m2/repository/com/github/docker-java/docker-java-transport/3.4.0/docker-java-transport-3.4.0.jar:/Users/juan.fonseca/.m2/repository/net/java/dev/jna/jna/5.13.0/jna-5.13.0.jar:/Users/juan.fonseca/.m2/repository/org/brotli/dec/0.1.2/dec-0.1.2.jar:/Users/juan.fonseca/.m2/repository/org/apache/commons/commons-compress/1.26.2/commons-compress-1.26.2.jar:/Users/juan.fonseca/.m2/repository/org/apache/httpcomponents/client5/httpclient5/5.2.1/httpclient5-5.2.1.jar:/Users/juan.fonseca/.m2/repository/org/apache/httpcomponents/core5/httpcore5/5.2/httpcore5-5.2.jar:/Users/juan.fonseca/.m2/repository/org/apache/httpcomponents/core5/httpcore5-h2/5.2/httpcore5-h2-5.2.jar:/Users/juan.fonseca/.m2/repository/org/apache/maven/surefire/surefire-testng-utils/2.22.0/surefire-testng-utils-2.22.0.jar:/Users/juan.fonseca/.m2/repository/org/apache/maven/surefire/surefire-grouper/2.22.0/surefire-grouper-2.22.0.jar:"/>
    <property name="java.vm.vendor" value="Homebrew"/>
    <property name="sun.arch.data.model" value="64"/>
    <property name="java.vendor.url" value="https://github.com/Homebrew/homebrew-core/issues"/>
    <property name="os.name" value="Mac OS X"/>
    <property name="java.vm.specification.version" value="23"/>
    <property name="DriverType" value="ChromeTestRigor"/>
    <property name="sun.java.launcher" value="SUN_STANDARD"/>
    <property name="user.country" value="CR"/>
    <property name="sun.boot.library.path" value="/usr/local/Cellar/openjdk/23/libexec/openjdk.jdk/Contents/Home/lib"/>
    <property name="sun.java.command" value="/Users/juan.fonseca/Repositories/SelfHealingLocatorsDemo/java-testng-selenium/target/surefire/surefirebooter11358701214072999766.jar /Users/juan.fonseca/Repositories/SelfHealingLocatorsDemo/java-testng-selenium/target/surefire 2024-10-07T15-00-45_507-jvmRun1 surefire13477303451399380807tmp surefire_01889833855730555469tmp"/>
    <property name="http.nonProxyHosts" value="local|*.local|169.254/16|*.169.254/16"/>
    <property name="jdk.debug" value="release"/>
    <property name="surefire.test.class.path" value="/Users/juan.fonseca/Repositories/SelfHealingLocatorsDemo/java-testng-selenium/target/test-classes:/Users/juan.fonseca/Repositories/SelfHealingLocatorsDemo/java-testng-selenium/target/classes:/Users/juan.fonseca/.m2/repository/org/seleniumhq/selenium/selenium-remote-driver/4.25.0/selenium-remote-driver-4.25.0.jar:/Users/juan.fonseca/.m2/repository/com/google/auto/service/auto-service-annotations/1.1.1/auto-service-annotations-1.1.1.jar:/Users/juan.fonseca/.m2/repository/com/google/guava/guava/33.3.0-jre/guava-33.3.0-jre.jar:/Users/juan.fonseca/.m2/repository/com/google/guava/failureaccess/1.0.2/failureaccess-1.0.2.jar:/Users/juan.fonseca/.m2/repository/com/google/guava/listenablefuture/9999.0-empty-to-avoid-conflict-with-guava/listenablefuture-9999.0-empty-to-avoid-conflict-with-guava.jar:/Users/juan.fonseca/.m2/repository/com/google/code/findbugs/jsr305/3.0.2/jsr305-3.0.2.jar:/Users/juan.fonseca/.m2/repository/org/checkerframework/checker-qual/3.43.0/checker-qual-3.43.0.jar:/Users/juan.fonseca/.m2/repository/com/google/errorprone/error_prone_annotations/2.28.0/error_prone_annotations-2.28.0.jar:/Users/juan.fonseca/.m2/repository/com/google/j2objc/j2objc-annotations/3.0.0/j2objc-annotations-3.0.0.jar:/Users/juan.fonseca/.m2/repository/io/opentelemetry/semconv/opentelemetry-semconv/1.25.0-alpha/opentelemetry-semconv-1.25.0-alpha.jar:/Users/juan.fonseca/.m2/repository/io/opentelemetry/opentelemetry-api/1.42.1/opentelemetry-api-1.42.1.jar:/Users/juan.fonseca/.m2/repository/io/opentelemetry/opentelemetry-context/1.42.1/opentelemetry-context-1.42.1.jar:/Users/juan.fonseca/.m2/repository/io/opentelemetry/opentelemetry-exporter-logging/1.42.1/opentelemetry-exporter-logging-1.42.1.jar:/Users/juan.fonseca/.m2/repository/io/opentelemetry/opentelemetry-sdk-common/1.42.1/opentelemetry-sdk-common-1.42.1.jar:/Users/juan.fonseca/.m2/repository/io/opentelemetry/opentelemetry-sdk-extension-autoconfigure-spi/1.42.1/opentelemetry-sdk-extension-autoconfigure-spi-1.42.1.jar:/Users/juan.fonseca/.m2/repository/io/opentelemetry/opentelemetry-sdk-extension-autoconfigure/1.42.1/opentelemetry-sdk-extension-autoconfigure-1.42.1.jar:/Users/juan.fonseca/.m2/repository/io/opentelemetry/opentelemetry-api-incubator/1.42.1-alpha/opentelemetry-api-incubator-1.42.1-alpha.jar:/Users/juan.fonseca/.m2/repository/io/opentelemetry/opentelemetry-sdk-trace/1.42.1/opentelemetry-sdk-trace-1.42.1.jar:/Users/juan.fonseca/.m2/repository/io/opentelemetry/opentelemetry-sdk/1.42.1/opentelemetry-sdk-1.42.1.jar:/Users/juan.fonseca/.m2/repository/io/opentelemetry/opentelemetry-sdk-metrics/1.42.1/opentelemetry-sdk-metrics-1.42.1.jar:/Users/juan.fonseca/.m2/repository/io/opentelemetry/opentelemetry-sdk-logs/1.42.1/opentelemetry-sdk-logs-1.42.1.jar:/Users/juan.fonseca/.m2/repository/net/bytebuddy/byte-buddy/1.15.1/byte-buddy-1.15.1.jar:/Users/juan.fonseca/.m2/repository/org/seleniumhq/selenium/selenium-api/4.25.0/selenium-api-4.25.0.jar:/Users/juan.fonseca/.m2/repository/org/jspecify/jspecify/1.0.0/jspecify-1.0.0.jar:/Users/juan.fonseca/.m2/repository/org/seleniumhq/selenium/selenium-http/4.25.0/selenium-http-4.25.0.jar:/Users/juan.fonseca/.m2/repository/dev/failsafe/failsafe/3.3.2/failsafe-3.3.2.jar:/Users/juan.fonseca/.m2/repository/org/seleniumhq/selenium/selenium-json/4.25.0/selenium-json-4.25.0.jar:/Users/juan.fonseca/.m2/repository/org/seleniumhq/selenium/selenium-manager/4.25.0/selenium-manager-4.25.0.jar:/Users/juan.fonseca/.m2/repository/org/seleniumhq/selenium/selenium-os/4.25.0/selenium-os-4.25.0.jar:/Users/juan.fonseca/.m2/repository/org/apache/commons/commons-exec/1.4.0/commons-exec-1.4.0.jar:/Users/juan.fonseca/.m2/repository/org/seleniumhq/selenium/selenium-java/4.25.0/selenium-java-4.25.0.jar:/Users/juan.fonseca/.m2/repository/org/seleniumhq/selenium/selenium-chrome-driver/4.25.0/selenium-chrome-driver-4.25.0.jar:/Users/juan.fonseca/.m2/repository/org/seleniumhq/selenium/selenium-chromium-driver/4.25.0/selenium-chromium-driver-4.25.0.jar:/Users/juan.fonseca/.m2/repository/org/seleniumhq/selenium/selenium-devtools-v127/4.25.0/selenium-devtools-v127-4.25.0.jar:/Users/juan.fonseca/.m2/repository/org/seleniumhq/selenium/selenium-devtools-v128/4.25.0/selenium-devtools-v128-4.25.0.jar:/Users/juan.fonseca/.m2/repository/org/seleniumhq/selenium/selenium-devtools-v129/4.25.0/selenium-devtools-v129-4.25.0.jar:/Users/juan.fonseca/.m2/repository/org/seleniumhq/selenium/selenium-devtools-v85/4.25.0/selenium-devtools-v85-4.25.0.jar:/Users/juan.fonseca/.m2/repository/org/seleniumhq/selenium/selenium-edge-driver/4.25.0/selenium-edge-driver-4.25.0.jar:/Users/juan.fonseca/.m2/repository/org/seleniumhq/selenium/selenium-firefox-driver/4.25.0/selenium-firefox-driver-4.25.0.jar:/Users/juan.fonseca/.m2/repository/org/seleniumhq/selenium/selenium-ie-driver/4.25.0/selenium-ie-driver-4.25.0.jar:/Users/juan.fonseca/.m2/repository/org/seleniumhq/selenium/selenium-safari-driver/4.25.0/selenium-safari-driver-4.25.0.jar:/Users/juan.fonseca/.m2/repository/org/seleniumhq/selenium/selenium-support/4.25.0/selenium-support-4.25.0.jar:/Users/juan.fonseca/Repositories/SelfHealingLocatorsDemo/java-testng-selenium/src/test/resources/self-healing-selenium-4-0.1.1-20230125.221122-2.jar:/Users/juan.fonseca/.m2/repository/com/google/inject/guice/4.2.0/guice-4.2.0.jar:/Users/juan.fonseca/.m2/repository/javax/inject/javax.inject/1/javax.inject-1.jar:/Users/juan.fonseca/.m2/repository/aopalliance/aopalliance/1.0/aopalliance-1.0.jar:/Users/juan.fonseca/.m2/repository/com/epam/healenium/healenium-web/3.5.3/healenium-web-3.5.3.jar:/Users/juan.fonseca/.m2/repository/org/apache/maven/maven-artifact/3.9.7/maven-artifact-3.9.7.jar:/Users/juan.fonseca/.m2/repository/org/codehaus/plexus/plexus-utils/3.5.1/plexus-utils-3.5.1.jar:/Users/juan.fonseca/.m2/repository/org/apache/maven/maven-plugin-api/3.9.7/maven-plugin-api-3.9.7.jar:/Users/juan.fonseca/.m2/repository/org/apache/maven/maven-model/3.9.7/maven-model-3.9.7.jar:/Users/juan.fonseca/.m2/repository/org/eclipse/sisu/org.eclipse.sisu.plexus/0.9.0.M2/org.eclipse.sisu.plexus-0.9.0.M2.jar:/Users/juan.fonseca/.m2/repository/javax/annotation/javax.annotation-api/1.2/javax.annotation-api-1.2.jar:/Users/juan.fonseca/.m2/repository/org/eclipse/sisu/org.eclipse.sisu.inject/0.9.0.M2/org.eclipse.sisu.inject-0.9.0.M2.jar:/Users/juan.fonseca/.m2/repository/org/codehaus/plexus/plexus-component-annotations/2.1.0/plexus-component-annotations-2.1.0.jar:/Users/juan.fonseca/.m2/repository/org/codehaus/plexus/plexus-classworlds/2.8.0/plexus-classworlds-2.8.0.jar:/Users/juan.fonseca/.m2/repository/com/typesafe/config/1.4.2/config-1.4.2.jar:/Users/juan.fonseca/.m2/repository/com/epam/healenium/tree-comparing/0.4.14/tree-comparing-0.4.14.jar:/Users/juan.fonseca/.m2/repository/org/jsoup/jsoup/1.17.2/jsoup-1.17.2.jar:/Users/juan.fonseca/.m2/repository/org/apache/commons/commons-text/1.10.0/commons-text-1.10.0.jar:/Users/juan.fonseca/.m2/repository/com/fasterxml/jackson/core/jackson-databind/2.15.2/jackson-databind-2.15.2.jar:/Users/juan.fonseca/.m2/repository/com/fasterxml/jackson/core/jackson-annotations/2.15.2/jackson-annotations-2.15.2.jar:/Users/juan.fonseca/.m2/repository/com/fasterxml/jackson/core/jackson-core/2.15.2/jackson-core-2.15.2.jar:/Users/juan.fonseca/.m2/repository/org/apache/commons/commons-lang3/3.12.0/commons-lang3-3.12.0.jar:/Users/juan.fonseca/.m2/repository/commons-codec/commons-codec/1.15/commons-codec-1.15.jar:/Users/juan.fonseca/.m2/repository/org/jetbrains/annotations/23.0.0/annotations-23.0.0.jar:/Users/juan.fonseca/.m2/repository/org/mapstruct/mapstruct/1.4.2.Final/mapstruct-1.4.2.Final.jar:/Users/juan.fonseca/.m2/repository/org/projectlombok/lombok/1.18.22/lombok-1.18.22.jar:/Users/juan.fonseca/.m2/repository/org/slf4j/slf4j-simple/2.0.9/slf4j-simple-2.0.9.jar:/Users/juan.fonseca/.m2/repository/one/util/streamex/0.8.1/streamex-0.8.1.jar:/Users/juan.fonseca/.m2/repository/org/eclipse/jetty/jetty-server/11.0.21/jetty-server-11.0.21.jar:/Users/juan.fonseca/.m2/repository/org/eclipse/jetty/jetty-http/11.0.21/jetty-http-11.0.21.jar:/Users/juan.fonseca/.m2/repository/org/eclipse/jetty/jetty-util/11.0.21/jetty-util-11.0.21.jar:/Users/juan.fonseca/.m2/repository/org/eclipse/jetty/jetty-io/11.0.21/jetty-io-11.0.21.jar:/Users/juan.fonseca/.m2/repository/org/eclipse/jetty/toolchain/jetty-jakarta-servlet-api/5.0.2/jetty-jakarta-servlet-api-5.0.2.jar:/Users/juan.fonseca/.m2/repository/org/hamcrest/hamcrest-core/2.2/hamcrest-core-2.2.jar:/Users/juan.fonseca/.m2/repository/org/hamcrest/hamcrest/2.2/hamcrest-2.2.jar:/Users/juan.fonseca/.m2/repository/com/codeborne/selenide/7.0.0/selenide-7.0.0.jar:/Users/juan.fonseca/.m2/repository/com/codeborne/selenide-core/7.0.0/selenide-core-7.0.0.jar:/Users/juan.fonseca/.m2/repository/commons-io/commons-io/2.14.0/commons-io-2.14.0.jar:/Users/juan.fonseca/.m2/repository/org/testcontainers/junit-jupiter/1.19.8/junit-jupiter-1.19.8.jar:/Users/juan.fonseca/.m2/repository/org/testcontainers/testcontainers/1.19.8/testcontainers-1.19.8.jar:/Users/juan.fonseca/.m2/repository/junit/junit/4.13.2/junit-4.13.2.jar:/Users/juan.fonseca/.m2/repository/org/rnorth/duct-tape/duct-tape/1.0.8/duct-tape-1.0.8.jar:/Users/juan.fonseca/.m2/repository/com/github/docker-java/docker-java-api/3.3.6/docker-java-api-3.3.6.jar:/Users/juan.fonseca/.m2/repository/com/github/docker-java/docker-java-transport-zerodep/3.3.6/docker-java-transport-zerodep-3.3.6.jar:/Users/juan.fonseca/.m2/repository/org/junit/jupiter/junit-jupiter-engine/5.8.2/junit-jupiter-engine-5.8.2.jar:/Users/juan.fonseca/.m2/repository/org/junit/platform/junit-platform-engine/1.8.2/junit-platform-engine-1.8.2.jar:/Users/juan.fonseca/.m2/repository/org/apiguardian/apiguardian-api/1.1.2/apiguardian-api-1.1.2.jar:/Users/juan.fonseca/.m2/repository/org/junit/jupiter/junit-jupiter-api/5.8.2/junit-jupiter-api-5.8.2.jar:/Users/juan.fonseca/.m2/repository/org/opentest4j/opentest4j/1.2.0/opentest4j-1.2.0.jar:/Users/juan.fonseca/.m2/repository/org/junit/platform/junit-platform-commons/1.8.2/junit-platform-commons-1.8.2.jar:/Users/juan.fonseca/.m2/repository/org/mapstruct/mapstruct-processor/1.4.2.Final/mapstruct-processor-1.4.2.Final.jar:/Users/juan.fonseca/.m2/repository/org/testng/testng/7.10.2/testng-7.10.2.jar:/Users/juan.fonseca/.m2/repository/org/slf4j/slf4j-api/1.7.36/slf4j-api-1.7.36.jar:/Users/juan.fonseca/.m2/repository/com/beust/jcommander/1.82/jcommander-1.82.jar:/Users/juan.fonseca/.m2/repository/org/webjars/jquery/3.7.1/jquery-3.7.1.jar:/Users/juan.fonseca/.m2/repository/io/github/bonigarcia/webdrivermanager/5.9.2/webdrivermanager-5.9.2.jar:/Users/juan.fonseca/.m2/repository/com/google/code/gson/gson/2.11.0/gson-2.11.0.jar:/Users/juan.fonseca/.m2/repository/com/github/docker-java/docker-java/3.4.0/docker-java-3.4.0.jar:/Users/juan.fonseca/.m2/repository/com/github/docker-java/docker-java-core/3.4.0/docker-java-core-3.4.0.jar:/Users/juan.fonseca/.m2/repository/org/slf4j/jcl-over-slf4j/1.7.30/jcl-over-slf4j-1.7.30.jar:/Users/juan.fonseca/.m2/repository/com/github/docker-java/docker-java-transport-httpclient5/3.4.0/docker-java-transport-httpclient5-3.4.0.jar:/Users/juan.fonseca/.m2/repository/com/github/docker-java/docker-java-transport/3.4.0/docker-java-transport-3.4.0.jar:/Users/juan.fonseca/.m2/repository/net/java/dev/jna/jna/5.13.0/jna-5.13.0.jar:/Users/juan.fonseca/.m2/repository/org/brotli/dec/0.1.2/dec-0.1.2.jar:/Users/juan.fonseca/.m2/repository/org/apache/commons/commons-compress/1.26.2/commons-compress-1.26.2.jar:/Users/juan.fonseca/.m2/repository/org/apache/httpcomponents/client5/httpclient5/5.2.1/httpclient5-5.2.1.jar:/Users/juan.fonseca/.m2/repository/org/apache/httpcomponents/core5/httpcore5/5.2/httpcore5-5.2.jar:/Users/juan.fonseca/.m2/repository/org/apache/httpcomponents/core5/httpcore5-h2/5.2/httpcore5-h2-5.2.jar:/Users/juan.fonseca/.m2/repository/org/apache/maven/surefire/surefire-testng-utils/2.22.0/surefire-testng-utils-2.22.0.jar:/Users/juan.fonseca/.m2/repository/org/apache/maven/surefire/surefire-grouper/2.22.0/surefire-grouper-2.22.0.jar:"/>
    <property name="sun.cpu.endian" value="little"/>
    <property name="user.home" value="/Users/juan.fonseca"/>
    <property name="user.language" value="en"/>
    <property name="java.specification.vendor" value="Oracle Corporation"/>
    <property name="java.version.date" value="2024-09-17"/>
    <property name="java.home" value="/usr/local/Cellar/openjdk/23/libexec/openjdk.jdk/Contents/Home"/>
    <property name="file.separator" value="/"/>
    <property name="basedir" value="/Users/juan.fonseca/Repositories/SelfHealingLocatorsDemo/java-testng-selenium"/>
    <property name="java.vm.compressedOopsMode" value="Zero based"/>
    <property name="line.separator" value="&#10;"/>
    <property name="java.vm.specification.vendor" value="Oracle Corporation"/>
    <property name="java.specification.name" value="Java Platform API Specification"/>
    <property name="apple.awt.application.name" value="ForkedBooter"/>
    <property name="surefire.real.class.path" value="/Users/juan.fonseca/Repositories/SelfHealingLocatorsDemo/java-testng-selenium/target/surefire/surefirebooter11358701214072999766.jar"/>
    <property name="sun.management.compiler" value="HotSpot 64-Bit Tiered Compilers"/>
    <property name="ftp.nonProxyHosts" value="local|*.local|169.254/16|*.169.254/16"/>
    <property name="java.runtime.version" value="23"/>
    <property name="user.name" value="juan.fonseca"/>
    <property name="stdout.encoding" value="UTF-8"/>
    <property name="path.separator" value=":"/>
    <property name="os.version" value="14.7"/>
    <property name="java.runtime.name" value="OpenJDK Runtime Environment"/>
    <property name="file.encoding" value="UTF-8"/>
    <property name="java.vm.name" value="OpenJDK 64-Bit Server VM"/>
    <property name="java.vendor.version" value="Homebrew"/>
    <property name="localRepository" value="/Users/juan.fonseca/.m2/repository"/>
    <property name="java.vendor.url.bug" value="https://github.com/Homebrew/homebrew-core/issues"/>
    <property name="java.io.tmpdir" value="/var/folders/bw/r2ygch0n459c46s6wz102vr00000gq/T/"/>
    <property name="java.version" value="23"/>
    <property name="user.dir" value="/Users/juan.fonseca/Repositories/SelfHealingLocatorsDemo/java-testng-selenium"/>
    <property name="os.arch" value="x86_64"/>
    <property name="java.vm.specification.name" value="Java Virtual Machine Specification"/>
    <property name="native.encoding" value="UTF-8"/>
    <property name="java.library.path" value="/Users/juan.fonseca/Library/Java/Extensions:/Library/Java/Extensions:/Network/Library/Java/Extensions:/System/Library/Java/Extensions:/usr/lib/java:."/>
    <property name="java.vm.info" value="mixed mode, sharing"/>
    <property name="stderr.encoding" value="UTF-8"/>
    <property name="java.vendor" value="Homebrew"/>
    <property name="java.vm.version" value="23"/>
    <property name="sun.io.unicode.encoding" value="UnicodeBig"/>
    <property name="socksNonProxyHosts" value="local|*.local|169.254/16|*.169.254/16"/>
    <property name="java.class.version" value="67.0"/>
  </properties>
  <testcase name="setUp" classname="selfhealinglocators.Tests" time="2.265">
    <failure message="com/testrigor/selfhealingselenium/infrastructure/adapters/TestrigorAdapter" type="java.lang.NoClassDefFoundError">java.lang.NoClassDefFoundError: com/testrigor/selfhealingselenium/infrastructure/adapters/TestrigorAdapter
	at selfhealinglocators.Tests.setUp(Tests.java:23)
Caused by: java.lang.ClassNotFoundException: com.testrigor.selfhealingselenium.infrastructure.adapters.TestrigorAdapter
	at selfhealinglocators.Tests.setUp(Tests.java:23)
</failure>
    <system-err><![CDATA[SLF4J: Failed to load class "org.slf4j.impl.StaticLoggerBinder".
SLF4J: Defaulting to no-operation (NOP) logger implementation
SLF4J: See http://www.slf4j.org/codes.html#StaticLoggerBinder for further details.
]]></system-err>
  </testcase>
  <testcase name="setUp" classname="selfhealinglocators.Tests" time="0">
    <skipped/>
  </testcase>
  <testcase name="setUp" classname="selfhealinglocators.Tests" time="0">
    <skipped/>
  </testcase>
  <testcase name="setUp" classname="selfhealinglocators.Tests" time="0">
    <skipped/>
  </testcase>
  <testcase name="setUp" classname="selfhealinglocators.Tests" time="0">
    <skipped/>
  </testcase>
  <testcase name="setUp" classname="selfhealinglocators.Tests" time="0">
    <skipped/>
  </testcase>
  <testcase name="setUp" classname="selfhealinglocators.Tests" time="0">
    <skipped/>
  </testcase>
  <testcase name="setUp" classname="selfhealinglocators.Tests" time="0">
    <skipped/>
  </testcase>
  <testcase name="FormTest" classname="selfhealinglocators.Tests" time="0">
    <skipped message="com/testrigor/selfhealingselenium/infrastructure/adapters/TestrigorAdapter"/>
  </testcase>
  <testcase name="FormTest" classname="selfhealinglocators.Tests" time="0">
    <skipped message="com/testrigor/selfhealingselenium/infrastructure/adapters/TestrigorAdapter"/>
  </testcase>
  <testcase name="FormTest" classname="selfhealinglocators.Tests" time="0">
    <skipped message="com/testrigor/selfhealingselenium/infrastructure/adapters/TestrigorAdapter"/>
  </testcase>
  <testcase name="FormTest" classname="selfhealinglocators.Tests" time="0">
    <skipped message="com/testrigor/selfhealingselenium/infrastructure/adapters/TestrigorAdapter"/>
  </testcase>
  <testcase name="FormTest" classname="selfhealinglocators.Tests" time="0">
    <skipped message="com/testrigor/selfhealingselenium/infrastructure/adapters/TestrigorAdapter"/>
  </testcase>
  <testcase name="FormTest" classname="selfhealinglocators.Tests" time="0">
    <skipped message="com/testrigor/selfhealingselenium/infrastructure/adapters/TestrigorAdapter"/>
  </testcase>
  <testcase name="FormTest" classname="selfhealinglocators.Tests" time="0">
    <skipped message="com/testrigor/selfhealingselenium/infrastructure/adapters/TestrigorAdapter"/>
  </testcase>
  <testcase name="FormTest" classname="selfhealinglocators.Tests" time="0">
    <skipped message="com/testrigor/selfhealingselenium/infrastructure/adapters/TestrigorAdapter"/>
  </testcase>
  <testcase name="tearDown" classname="selfhealinglocators.Tests" time="0">
    <skipped/>
  </testcase>
  <testcase name="tearDown" classname="selfhealinglocators.Tests" time="0">
    <skipped/>
  </testcase>
  <testcase name="tearDown" classname="selfhealinglocators.Tests" time="0">
    <skipped/>
  </testcase>
  <testcase name="tearDown" classname="selfhealinglocators.Tests" time="0">
    <skipped/>
  </testcase>
  <testcase name="tearDown" classname="selfhealinglocators.Tests" time="0">
    <skipped/>
  </testcase>
  <testcase name="tearDown" classname="selfhealinglocators.Tests" time="0">
    <skipped/>
  </testcase>
  <testcase name="tearDown" classname="selfhealinglocators.Tests" time="0">
    <skipped/>
  </testcase>
  <testcase name="tearDown" classname="selfhealinglocators.Tests" time="0">
    <skipped/>
  </testcase>
</testsuite>